Mon Apr 27 17:54:00 CEST 2026
$PROBLEM   
$INPUT      ID TIME DV AMT GROUP MODEL DOSE
$DATA      warfarin.csv IGNORE=@
$SUBROUTINE ADVAN2 TRANS2
$PK
  CL = THETA(1) * EXP(ETA(1))
  VC = THETA(2) * EXP(ETA(2))
  KA = THETA(3) * EXP(ETA(3))
  V = VC

$ERROR
  CONC = A(2)/VC
  Y = CONC + CONC * EPS(1)

$ESTIMATION METHOD=COND INTERACTION MAXEVAL=9999 POSTHOC
$COVARIANCE
$THETA  (0,0.15) ; POP_CL
$THETA  (0,8) ; POP_VC
$THETA  (0,1) ; POP_KA
$OMEGA  0.07  ;     IIV_CL
$OMEGA  0.02  ;     IIV_VC
$OMEGA  0.6  ;     IIV_KA
$SIGMA  0.01  ;   RUV_PROP
$TABLE      ID VC CL KA ETA(1) ETA(2) ETA(3) FILE=sdtab1 NOAPPEND
            NOPRINT


NM-TRAN MESSAGES
  
 WARNINGS AND ERRORS (IF ANY) FOR PROBLEM    1
             
 (WARNING  2) NM-TRAN INFERS THAT THE DATA ARE POPULATION.
             
 (WARNING  23) $PK DOES NOT DEFINE A SCALE PARAMETER FOR THE CENTRAL
 COMPARTMENT.  WITH THIS TRANS, IT MAY NOT BE POSSIBLE TO SEPARATELY
 OBTAIN ESTIMATES OF PARAMETERS AFFECTING CLEARANCE AND VOLUME.
  
Note: Analytical 2nd Derivatives are constructed in FSUBS but are never used.
      You may insert $ABBR DERIV2=NO after the first $PROB to save FSUBS construction and compilation time
  

License Registered to: Uppsala University Department of Pharmacy
Expiration Date:    14 MAR 2027
Current Date:       27 APR 2026
Days until program expires : 322
1NONLINEAR MIXED EFFECTS MODEL PROGRAM (NONMEM) VERSION 7.6.0 (nm760)
 ORIGINALLY DEVELOPED BY STUART BEAL, LEWIS SHEINER, AND ALISON BOECKMANN
 CURRENT DEVELOPERS ARE ROBERT BAUER, ICON DEVELOPMENT SOLUTIONS,
 AND ALISON BOECKMANN. IMPLEMENTATION, EFFICIENCY, AND STANDARDIZATION
 PERFORMED BY NOUS INFOSYSTEMS.
 
 PROBLEM NO.:         1
                                                                         
0DATA CHECKOUT RUN:              NO 
 DATA SET LOCATED ON UNIT NO.:    2
 THIS UNIT TO BE REWOUND:        NO 
 CREATE/ADD TO FDATA.csv:        YES
 NO. OF DATA RECS IN DATA SET:      288
 NO. OF DATA ITEMS IN DATA SET:   9
 ID DATA ITEM IS DATA ITEM NO.:   1
 DEP VARIABLE IS DATA ITEM NO.:   3
 MDV DATA ITEM IS DATA ITEM NO.:  9
0INDICES PASSED TO SUBROUTINE PRED:
   8   2   4   0   0   0   0   0   0   0   0
0LABELS FOR DATA ITEMS:
 ID TIME DV AMT GROUP MODEL DOSE EVID MDV
0(NONBLANK) LABELS FOR PRED-DEFINED ITEMS:
 CL VC KA
0FORMAT FOR DATA:
 (E3.0,E4.0,E20.0,E3.0,2E2.0,E3.0,2F2.0)                                         
 
 TOT. NO. OF OBS RECS:      256
 TOT. NO. OF INDIVIDUALS:       32
0LENGTH OF THETA:   3
0DEFAULT THETA BOUNDARY TEST OMITTED:    NO 
0OMEGA HAS SIMPLE DIAGONAL FORM WITH DIMENSION:   3
0DEFAULT OMEGA BOUNDARY TEST OMITTED:    NO 
0SIGMA HAS SIMPLE DIAGONAL FORM WITH DIMENSION:   1
0DEFAULT SIGMA BOUNDARY TEST OMITTED:    NO 
0INITIAL ESTIMATE OF THETA:
 LOWER BOUND    INITIAL EST    UPPER BOUND
  0.0000E+00     0.1500E+00     0.1000E+07
  0.0000E+00     0.8000E+01     0.1000E+07
  0.0000E+00     0.1000E+01     0.1000E+07
0INITIAL ESTIMATE OF OMEGA:
 0.7000E-01
 0.0000E+00   0.2000E-01
 0.0000E+00   0.0000E+00   0.6000E+00
0INITIAL ESTIMATE OF SIGMA:
 0.1000E-01
0COVARIANCE STEP OMITTED:        NO 
 EIGENVLS. PRINTED:              NO 
 SPECIAL COMPUTATION:            NO 
 COMPRESSED FORMAT:              NO 
 GRADIENT METHOD USED:     NOSLOW
 SIGDIGITS ETAHAT (SIGLO):                  -1          
 SIGDIGITS GRADIENTS (SIGL):                -1          
 EXCLUDE COV FOR FOCE (NOFCOV):              NO   
 Cholesky Transposition of R Matrix (CHOLROFF):0
 KNUTHSUMOFF:                                -1          
 RESUME COV ANALYSIS (RESUME):               NO   
 SIR SAMPLE SIZE (SIRSAMPLE):              
 NON-LINEARLY TRANSFORM THETAS DURING COV (THBND): 1           
 PRECONDTIONING CYCLES (PRECOND):        0           
 PRECONDTIONING TYPES (PRECONDS):        TOS       
 FORCED PRECONDTIONING CYCLES (PFCOND):0           
 PRECONDTIONING TYPE (PRETYPE):        0           
 FORCED POS. DEFINITE SETTING DURING PRECONDITIONING: (FPOSDEF):0           
 SIMPLE POS. DEFINITE SETTING: (POSDEF):-1          
0TABLES STEP OMITTED:    NO 
 NO. OF TABLES:           1
 SEED NUMBER (SEED):    11456       
 NPDTYPE:    0           
 INTERPTYPE:    0           
 RANMETHOD:             3U                  
 MC SAMPLES (ESAMPLE):    300         
 WRES SQUARE ROOT TYPE (WRESCHOL): EIGENVALUE
0-- TABLE   1 --
0RECORDS ONLY:    ALL                 
04 COLUMNS APPENDED:    NO  
 PRINTED:                NO 
 HEADER:                YES
 FILE TO BE FORWARDED:   NO 
 FORMAT:                S1PE11.4
 IDFORMAT:                
 LFORMAT:               
 RFORMAT:               
 FIXED_EFFECT_ETAS:     
0USER-CHOSEN ITEMS:
 ID VC CL KA ETA1 ETA2 ETA3
1DOUBLE PRECISION PREDPP VERSION 7.6.0 (nm760)
 
 ONE COMPARTMENT MODEL WITH FIRST-ORDER ABSORPTION (ADVAN2)
0MAXIMUM NO. OF BASIC PK PARAMETERS:   3
0BASIC PK PARAMETERS (AFTER TRANSLATION):
   ELIMINATION RATE (K) IS BASIC PK PARAMETER NO.:  1
   ABSORPTION RATE (KA) IS BASIC PK PARAMETER NO.:  3
 
 TRANSLATOR WILL CONVERT PARAMETERS 
 CLEARANCE (CL) AND VOLUME (V) TO K (TRANS2)
0COMPARTMENT ATTRIBUTES 
 COMPT. NO.   FUNCTION   INITIAL    ON/OFF      DOSE      DEFAULT    DEFAULT
                         STATUS     ALLOWED    ALLOWED    FOR DOSE   FOR OBS.
    1         DEPOT        OFF        YES        YES        YES        NO 
    2         CENTRAL      ON         NO         YES        NO         YES
    3         OUTPUT       OFF        YES        NO         NO         NO 
1
 ADDITIONAL PK PARAMETERS - ASSIGNMENT OF ROWS IN GG
 COMPT. NO.                             INDICES
              SCALE      BIOAVAIL.   ZERO-ORDER  ZERO-ORDER  ABSORB
                         FRACTION    RATE        DURATION    LAG  
    1            *           *           *           *           *
    2            *           *           *           *           *
    3            *           -           -           -           -
             - PARAMETER IS NOT ALLOWED FOR THIS MODEL
             * PARAMETER IS NOT SUPPLIED BY PK SUBROUTINE;
               WILL DEFAULT TO ONE IF APPLICABLE
0DATA ITEM INDICES USED BY PRED ARE:
   EVENT ID DATA ITEM IS DATA ITEM NO.:      8
   TIME DATA ITEM IS DATA ITEM NO.:          2
   DOSE AMOUNT DATA ITEM IS DATA ITEM NO.:   4
 
0PK SUBROUTINE CALLED WITH EVERY EVENT RECORD.
 PK SUBROUTINE NOT CALLED AT NONEVENT (ADDITIONAL OR LAGGED) DOSE TIMES.
0ERROR SUBROUTINE CALLED WITH EVERY EVENT RECORD.
0ERROR SUBROUTINE INDICATES THAT DERIVATIVES OF COMPARTMENT AMOUNTS ARE USED.
1


 #TBLN:      1
 #METH: First Order Conditional Estimation with Interaction

 ESTIMATION STEP OMITTED:                 NO  
 SHRINK INFO WITH EVALUATION (EVALSHRINK) NO  
 ANALYSIS TYPE:                           POPULATION
 NUMBER OF SADDLE POINT RESET ITERATIONS:      0
 GRADIENT METHOD USED:               NOSLOW
 CONDITIONAL ESTIMATES USED:              YES 
 CENTERED ETA:                            NO  
 EPS-ETA INTERACTION:                     YES 
 LAPLACIAN OBJ. FUNC.:                    NO  
 NO. OF FUNCT. EVALS. ALLOWED:            9999
 NO. OF SIG. FIGURES REQUIRED:            3
 INTERMEDIATE PRINTOUT:                   YES 
 ESTIMATE OUTPUT TO MSF:                  NO  
 IND. OBJ. FUNC. VALUES SORTED:           NO  
 NUMERICAL DERIVATIVE 
       FILE REQUEST (NUMDER):               NONE
 MAP (ETAHAT) ESTIMATION METHOD (OPTMAP):   0           
 ETA HESSIAN EVALUATION METHOD (ETADER):    0           
 INITIAL ETA FOR MAP ESTIMATION (MCETA):    0           
 SIGDIGITS FOR MAP ESTIMATION (SIGLO):      100         
 GRADIENT SIGDIGITS OF 
       FIXED EFFECTS PARAMETERS (SIGL):     100         
 NOPRIOR SETTING (NOPRIOR):                 0           
 NOCOV SETTING (NOCOV):                     OFF       
 DERCONT SETTING (DERCONT):                 OFF       
 FINAL ETA RE-EVALUATION (FNLETA):          1           
 EXCLUDE NON-INFLUENTIAL (NON-INFL.) ETAS   
       IN SHRINKAGE (ETASTYPE):             NO        
 NON-INFL. ETA CORRECTION (NONINFETA):      0           
 RAW OUTPUT FILE (FILE): psn.ext                                                                                                                                                                                                                                                                                                                                                                                                                                                                                                                                                                                                                                                                                                                                                                                                                                                                                                                                                                                                                                                         
 EXCLUDE TITLE (NOTITLE):                   NO        
 EXCLUDE COLUMN LABELS (NOLABEL):           NO        
 FORMAT FOR ADDITIONAL FILES (FORMAT):      S1PE12.5
 PARAMETER ORDER FOR OUTPUTS (ORDER):       TSOL
 KNUTHSUMOFF:                               0           
 INCLUDE LNTWOPI:                           NO        
 INCLUDE CONSTANT TERM TO PRIOR (PRIORC):   NO        
 INCLUDE CONSTANT TERM TO OMEGA (ETA) (OLNTWOPI):NO        
 ADDITIONAL CONVERGENCE TEST (CTYPE=4)?:    NO
 EM OR BAYESIAN METHOD USED:                 NONE


 THE FOLLOWING LABELS ARE EQUIVALENT
 PRED=PREDI
 RES=RESI
 WRES=WRESI
 IWRS=IWRESI
 IPRD=IPREDI
 IRS=IRESI

 MONITORING OF SEARCH:


0ITERATION NO.:    0    OBJECTIVE VALUE:   52.0490742280540        NO. OF FUNC. EVALS.:   6
 CUMULATIVE NO. OF FUNC. EVALS.:        6
 NPARAMETR:  1.5000E-01  8.0000E+00  1.0000E+00  7.0000E-02  2.0000E-02  6.0000E-01  1.0000E-02
 PARAMETER:  1.0000E-01  1.0000E-01  1.0000E-01  1.0000E-01  1.0000E-01  1.0000E-01  1.0000E-01
 GRADIENT:   1.2830E+01 -1.7186E+02  1.2315E+01  5.9157E+00  7.9344E+00 -2.0233E+01 -1.4389E+01

0ITERATION NO.:   15    OBJECTIVE VALUE:   41.8639685787815        NO. OF FUNC. EVALS.: 129
 CUMULATIVE NO. OF FUNC. EVALS.:      135
 NPARAMETR:  1.4883E-01  8.5390E+00  9.1346E-01  6.4042E-02  1.1826E-02  8.0400E-01  1.0595E-02
 PARAMETER:  9.2156E-02  1.6520E-01  9.4874E-03  5.5524E-02 -1.6273E-01  2.4633E-01  1.2891E-01
 GRADIENT:   5.1731E-03 -5.1415E-03 -1.6181E-03 -6.3471E-05 -6.7820E-04  3.1959E-03  9.6870E-04

 #TERM:
0MINIMIZATION SUCCESSFUL
 NO. OF FUNCTION EVALUATIONS USED:      135
 NO. OF SIG. DIGITS IN FINAL EST.:  3.7

 ETABAR IS THE ARITHMETIC MEAN OF THE ETA-ESTIMATES,
 AND THE P-VALUE IS GIVEN FOR THE NULL HYPOTHESIS THAT THE TRUE MEAN IS 0.

 ETABAR:         6.3039E-04 -4.6536E-03 -2.1291E-02
 SE:             4.3806E-02  1.6292E-02  1.5140E-01
 N:                      32          32          32

 P VAL.:         9.8852E-01  7.7516E-01  8.8816E-01

 ETASHRINKSD(%)  2.0790E+00  1.5141E+01  4.4559E+00
 ETASHRINKVR(%)  4.1147E+00  2.7990E+01  8.7133E+00
 EBVSHRINKSD(%)  1.6458E+00  1.5078E+01  1.9401E+00
 EBVSHRINKVR(%)  3.2645E+00  2.7882E+01  3.8425E+00
 RELATIVEINF(%)  9.6602E+01  7.1705E+01  9.5730E+01
 EPSSHRINKSD(%)  1.7317E+01
 EPSSHRINKVR(%)  3.1635E+01

  
 TOTAL DATA POINTS NORMALLY DISTRIBUTED (N):          256
 N*LOG(2PI) CONSTANT TO OBJECTIVE FUNCTION:    470.49652900079241     
 OBJECTIVE FUNCTION VALUE WITHOUT CONSTANT:    41.863968578781495     
 OBJECTIVE FUNCTION VALUE WITH CONSTANT:       512.36049757957392     
 REPORTED OBJECTIVE FUNCTION DOES NOT CONTAIN CONSTANT
  
 TOTAL EFFECTIVE ETAS (NIND*NETA):                            96
  
 #TERE:
 Elapsed estimation  time in seconds:     0.14
 Elapsed covariance  time in seconds:     0.11
 Elapsed postprocess time in seconds:     0.00
1
 
 
 
 
 
 
 
 
 
 
 
 
 
 
 
 
 
 
 
 
 ************************************************************************************************************************
 ********************                                                                                ********************
 ********************               FIRST ORDER CONDITIONAL ESTIMATION WITH INTERACTION              ********************
 #OBJT:**************                       MINIMUM VALUE OF OBJECTIVE FUNCTION                      ********************
 ********************                                                                                ********************
 ************************************************************************************************************************
 





 #OBJV:********************************************            41.864       *********************************************
1
 ************************************************************************************************************************
 ********************                                                                                ********************
 ********************               FIRST ORDER CONDITIONAL ESTIMATION WITH INTERACTION              ********************
 ********************                             FINAL PARAMETER ESTIMATE                           ********************
 ********************                                                                                ********************
 ************************************************************************************************************************
 


 THETA - VECTOR OF FIXED EFFECTS PARAMETERS   *********


         TH 1      TH 2      TH 3     
 
         1.49E-01  8.54E+00  9.13E-01
 


 OMEGA - COV MATRIX FOR RANDOM EFFECTS - ETAS  ********


         ETA1      ETA2      ETA3     
 
 ETA1
+        6.40E-02
 
 ETA2
+        0.00E+00  1.18E-02
 
 ETA3
+        0.00E+00  0.00E+00  8.04E-01
 


 SIGMA - COV MATRIX FOR RANDOM EFFECTS - EPSILONS  ****


         EPS1     
 
 EPS1
+        1.06E-02
 
1


 OMEGA - CORR MATRIX FOR RANDOM EFFECTS - ETAS  *******


         ETA1      ETA2      ETA3     
 
 ETA1
+        2.53E-01
 
 ETA2
+        0.00E+00  1.09E-01
 
 ETA3
+        0.00E+00  0.00E+00  8.97E-01
 


 SIGMA - CORR MATRIX FOR RANDOM EFFECTS - EPSILONS  ***


         EPS1     
 
 EPS1
+        1.03E-01
 
1
 ************************************************************************************************************************
 ********************                                                                                ********************
 ********************               FIRST ORDER CONDITIONAL ESTIMATION WITH INTERACTION              ********************
 ********************                            STANDARD ERROR OF ESTIMATE                          ********************
 ********************                                                                                ********************
 ************************************************************************************************************************
 


 THETA - VECTOR OF FIXED EFFECTS PARAMETERS   *********


         TH 1      TH 2      TH 3     
 
         6.82E-03  1.95E-01  1.52E-01
 


 OMEGA - COV MATRIX FOR RANDOM EFFECTS - ETAS  ********


         ETA1      ETA2      ETA3     
 
 ETA1
+        1.72E-02
 
 ETA2
+       .........  4.58E-03
 
 ETA3
+       ......... .........  1.94E-01
 


 SIGMA - COV MATRIX FOR RANDOM EFFECTS - EPSILONS  ****


         EPS1     
 
 EPS1
+        9.56E-04
 
1


 OMEGA - CORR MATRIX FOR RANDOM EFFECTS - ETAS  *******


         ETA1      ETA2      ETA3     
 
 ETA1
+        3.39E-02
 
 ETA2
+       .........  2.11E-02
 
 ETA3
+       ......... .........  1.08E-01
 


 SIGMA - CORR MATRIX FOR RANDOM EFFECTS - EPSILONS  ***


         EPS1     
 
 EPS1
+        4.64E-03
 
1
 ************************************************************************************************************************
 ********************                                                                                ********************
 ********************               FIRST ORDER CONDITIONAL ESTIMATION WITH INTERACTION              ********************
 ********************                          COVARIANCE MATRIX OF ESTIMATE                         ********************
 ********************                                                                                ********************
 ************************************************************************************************************************
 

            TH 1      TH 2      TH 3      OM11      OM12      OM13      OM22      OM23      OM33      SG11  
 
 TH 1
+        4.65E-05
 
 TH 2
+        2.09E-04  3.80E-02
 
 TH 3
+       -1.42E-04  3.23E-03  2.31E-02
 
 OM11
+       -2.75E-05 -1.25E-03 -5.03E-05  2.95E-04
 
 OM12
+       ......... ......... ......... ......... .........
 
 OM13
+       ......... ......... ......... ......... ......... .........
 
 OM22
+        4.89E-07  3.25E-04  8.45E-05 -8.36E-06 ......... .........  2.10E-05
 
 OM23
+       ......... ......... ......... ......... ......... ......... ......... .........
 
 OM33
+       -5.82E-05 -6.92E-04  9.59E-03 -2.24E-04 ......... .........  6.49E-05 .........  3.77E-02
 
 SG11
+        2.73E-07 -4.55E-06 -5.26E-05  1.82E-06 ......... ......... -8.18E-07 .........  4.14E-06  9.13E-07
 
1
 ************************************************************************************************************************
 ********************                                                                                ********************
 ********************               FIRST ORDER CONDITIONAL ESTIMATION WITH INTERACTION              ********************
 ********************                          CORRELATION MATRIX OF ESTIMATE                        ********************
 ********************                                                                                ********************
 ************************************************************************************************************************
 

            TH 1      TH 2      TH 3      OM11      OM12      OM13      OM22      OM23      OM33      SG11  
 
 TH 1
+        6.82E-03
 
 TH 2
+        1.57E-01  1.95E-01
 
 TH 3
+       -1.37E-01  1.09E-01  1.52E-01
 
 OM11
+       -2.35E-01 -3.72E-01 -1.93E-02  1.72E-02
 
 OM12
+       ......... ......... ......... ......... .........
 
 OM13
+       ......... ......... ......... ......... ......... .........
 
 OM22
+        1.56E-02  3.64E-01  1.22E-01 -1.06E-01 ......... .........  4.58E-03
 
 OM23
+       ......... ......... ......... ......... ......... ......... ......... .........
 
 OM33
+       -4.39E-02 -1.83E-02  3.25E-01 -6.72E-02 ......... .........  7.30E-02 .........  1.94E-01
 
 SG11
+        4.19E-02 -2.44E-02 -3.62E-01  1.11E-01 ......... ......... -1.87E-01 .........  2.23E-02  9.56E-04
 
1
 ************************************************************************************************************************
 ********************                                                                                ********************
 ********************               FIRST ORDER CONDITIONAL ESTIMATION WITH INTERACTION              ********************
 ********************                      INVERSE COVARIANCE MATRIX OF ESTIMATE                     ********************
 ********************                                                                                ********************
 ************************************************************************************************************************
 

            TH 1      TH 2      TH 3      OM11      OM12      OM13      OM22      OM23      OM33      SG11  
 
 TH 1
+        2.35E+04
 
 TH 2
+       -8.75E+01  3.65E+01
 
 TH 3
+        1.51E+02 -7.44E+00  5.97E+01
 
 OM11
+        1.89E+03  1.39E+02 -3.98E+01  4.23E+03
 
 OM12
+       ......... ......... ......... ......... .........
 
 OM13
+       ......... ......... ......... ......... ......... .........
 
 OM22
+        8.66E+02 -5.30E+02  4.25E+01 -9.46E+02 ......... .........  5.79E+04
 
 OM23
+       ......... ......... ......... ......... ......... ......... ......... .........
 
 OM33
+        6.20E+00  4.28E+00 -1.58E+01  4.37E+01 ......... ......... -1.30E+02 .........  3.13E+01
 
 SG11
+       -1.78E+03 -9.92E+02  3.54E+03 -1.16E+04 ......... .........  5.39E+04 ......... -1.24E+03  1.37E+06
 
 Elapsed finaloutput time in seconds:     0.00
 #CPUT: Total CPU Time in Seconds,        0.288
Stop Time:
Mon Apr 27 17:54:03 CEST 2026
